{"C:/Users/João Vitor Paludo/Documents/Personal Projects/About-me/src/App.tsx": {"path":"C:/Users/João Vitor Paludo/Documents/Personal Projects/About-me/src/App.tsx","statementMap":{"0":{"start":{"line":7,"column":2},"end":{"line":11,"column":null}}},"fnMap":{"0":{"name":"App","decl":{"start":{"line":6,"column":16},"end":{"line":6,"column":22}},"loc":{"start":{"line":6,"column":22},"end":{"line":13,"column":null}}}},"branchMap":{},"s":{"0":1},"f":{"0":1},"b":{}}
,"C:/Users/João Vitor Paludo/Documents/Personal Projects/About-me/src/components/companies/index.tsx": {"path":"C:/Users/João Vitor Paludo/Documents/Personal Projects/About-me/src/components/companies/index.tsx","statementMap":{"0":{"start":{"line":7,"column":18},"end":{"line":10,"column":null}},"1":{"start":{"line":12,"column":2},"end":{"line":58,"column":null}}},"fnMap":{"0":{"name":"CompaniesSection","decl":{"start":{"line":6,"column":16},"end":{"line":6,"column":35}},"loc":{"start":{"line":6,"column":35},"end":{"line":60,"column":null}}}},"branchMap":{},"s":{"0":5,"1":5},"f":{"0":5},"b":{}}
,"C:/Users/João Vitor Paludo/Documents/Personal Projects/About-me/src/components/companies/styles.ts": {"path":"C:/Users/João Vitor Paludo/Documents/Personal Projects/About-me/src/components/companies/styles.ts","statementMap":{"0":{"start":{"line":3,"column":41},"end":{"line":3,"column":null}},"1":{"start":{"line":14,"column":41},"end":{"line":14,"column":null}},"2":{"start":{"line":22,"column":29},"end":{"line":45,"column":null}},"3":{"start":{"line":29,"column":33},"end":{"line":29,"column":63}},"4":{"start":{"line":45,"column":39},"end":{"line":45,"column":71}},"5":{"start":{"line":99,"column":40},"end":{"line":108,"column":null}},"6":{"start":{"line":101,"column":4},"end":{"line":103,"column":86}},"7":{"start":{"line":106,"column":4},"end":{"line":108,"column":49}}},"fnMap":{"0":{"name":"(anonymous_0)","decl":{"start":{"line":29,"column":22},"end":{"line":29,"column":23}},"loc":{"start":{"line":29,"column":33},"end":{"line":29,"column":63}}},"1":{"name":"(anonymous_1)","decl":{"start":{"line":45,"column":28},"end":{"line":45,"column":29}},"loc":{"start":{"line":45,"column":39},"end":{"line":45,"column":71}}},"2":{"name":"(anonymous_2)","decl":{"start":{"line":100,"column":15},"end":{"line":100,"column":16}},"loc":{"start":{"line":101,"column":4},"end":{"line":103,"column":86}}},"3":{"name":"(anonymous_3)","decl":{"start":{"line":105,"column":16},"end":{"line":105,"column":17}},"loc":{"start":{"line":106,"column":4},"end":{"line":108,"column":49}}}},"branchMap":{"0":{"loc":{"start":{"line":101,"column":4},"end":{"line":103,"column":86}},"type":"cond-expr","locations":[{"start":{"line":102,"column":8},"end":{"line":102,"column":null}},{"start":{"line":103,"column":8},"end":{"line":103,"column":86}}]},"1":{"loc":{"start":{"line":103,"column":11},"end":{"line":103,"column":83}},"type":"cond-expr","locations":[{"start":{"line":103,"column":35},"end":{"line":103,"column":61}},{"start":{"line":103,"column":61},"end":{"line":103,"column":83}}]},"2":{"loc":{"start":{"line":106,"column":4},"end":{"line":108,"column":49}},"type":"cond-expr","locations":[{"start":{"line":107,"column":8},"end":{"line":107,"column":null}},{"start":{"line":108,"column":8},"end":{"line":108,"column":49}}]}},"s":{"0":3,"1":3,"2":3,"3":8,"4":8,"5":3,"6":10,"7":10},"f":{"0":8,"1":8,"2":10,"3":10},"b":{"0":[1,9],"1":[5,4],"2":[1,9]}}
,"C:/Users/João Vitor Paludo/Documents/Personal Projects/About-me/src/components/dialog/index.tsx": {"path":"C:/Users/João Vitor Paludo/Documents/Personal Projects/About-me/src/components/dialog/index.tsx","statementMap":{"0":{"start":{"line":8,"column":2},"end":{"line":32,"column":null}},"1":{"start":{"line":15,"column":25},"end":{"line":15,"column":null}}},"fnMap":{"0":{"name":"AboutMeDialog","decl":{"start":{"line":7,"column":16},"end":{"line":7,"column":30}},"loc":{"start":{"line":7,"column":72},"end":{"line":34,"column":null}}},"1":{"name":"(anonymous_1)","decl":{"start":{"line":15,"column":19},"end":{"line":15,"column":25}},"loc":{"start":{"line":15,"column":25},"end":{"line":15,"column":null}}}},"branchMap":{},"s":{"0":2,"1":1},"f":{"0":2,"1":1},"b":{}}
,"C:/Users/João Vitor Paludo/Documents/Personal Projects/About-me/src/components/dialog/styles.ts": {"path":"C:/Users/João Vitor Paludo/Documents/Personal Projects/About-me/src/components/dialog/styles.ts","statementMap":{"0":{"start":{"line":3,"column":38},"end":{"line":4,"column":null}},"1":{"start":{"line":4,"column":33},"end":{"line":4,"column":62}},"2":{"start":{"line":13,"column":35},"end":{"line":40,"column":null}},"3":{"start":{"line":19,"column":24},"end":{"line":19,"column":54}},"4":{"start":{"line":34,"column":24},"end":{"line":34,"column":54}},"5":{"start":{"line":40,"column":26},"end":{"line":40,"column":58}},"6":{"start":{"line":47,"column":33},"end":{"line":47,"column":null}},"7":{"start":{"line":52,"column":36},"end":{"line":83,"column":null}},"8":{"start":{"line":62,"column":29},"end":{"line":62,"column":61}},"9":{"start":{"line":83,"column":24},"end":{"line":83,"column":54}}},"fnMap":{"0":{"name":"(anonymous_0)","decl":{"start":{"line":4,"column":22},"end":{"line":4,"column":23}},"loc":{"start":{"line":4,"column":33},"end":{"line":4,"column":62}}},"1":{"name":"(anonymous_1)","decl":{"start":{"line":19,"column":13},"end":{"line":19,"column":14}},"loc":{"start":{"line":19,"column":24},"end":{"line":19,"column":54}}},"2":{"name":"(anonymous_2)","decl":{"start":{"line":34,"column":13},"end":{"line":34,"column":14}},"loc":{"start":{"line":34,"column":24},"end":{"line":34,"column":54}}},"3":{"name":"(anonymous_3)","decl":{"start":{"line":40,"column":15},"end":{"line":40,"column":16}},"loc":{"start":{"line":40,"column":26},"end":{"line":40,"column":58}}},"4":{"name":"(anonymous_4)","decl":{"start":{"line":62,"column":18},"end":{"line":62,"column":19}},"loc":{"start":{"line":62,"column":29},"end":{"line":62,"column":61}}},"5":{"name":"(anonymous_5)","decl":{"start":{"line":83,"column":13},"end":{"line":83,"column":14}},"loc":{"start":{"line":83,"column":24},"end":{"line":83,"column":54}}}},"branchMap":{},"s":{"0":2,"1":2,"2":2,"3":2,"4":2,"5":2,"6":2,"7":2,"8":4,"9":4},"f":{"0":2,"1":2,"2":2,"3":2,"4":4,"5":4},"b":{}}
,"C:/Users/João Vitor Paludo/Documents/Personal Projects/About-me/src/components/footer/index.tsx": {"path":"C:/Users/João Vitor Paludo/Documents/Personal Projects/About-me/src/components/footer/index.tsx","statementMap":{"0":{"start":{"line":4,"column":2},"end":{"line":8,"column":null}}},"fnMap":{"0":{"name":"FooterComponent","decl":{"start":{"line":3,"column":16},"end":{"line":3,"column":34}},"loc":{"start":{"line":3,"column":34},"end":{"line":10,"column":null}}}},"branchMap":{},"s":{"0":4},"f":{"0":4},"b":{}}
,"C:/Users/João Vitor Paludo/Documents/Personal Projects/About-me/src/components/footer/styles.ts": {"path":"C:/Users/João Vitor Paludo/Documents/Personal Projects/About-me/src/components/footer/styles.ts","statementMap":{"0":{"start":{"line":3,"column":40},"end":{"line":3,"column":null}}},"fnMap":{},"branchMap":{},"s":{"0":2},"f":{},"b":{}}
,"C:/Users/João Vitor Paludo/Documents/Personal Projects/About-me/src/components/header/index.tsx": {"path":"C:/Users/João Vitor Paludo/Documents/Personal Projects/About-me/src/components/header/index.tsx","statementMap":{"0":{"start":{"line":5,"column":2},"end":{"line":25,"column":null}}},"fnMap":{"0":{"name":"HeaderComponent","decl":{"start":{"line":4,"column":16},"end":{"line":4,"column":34}},"loc":{"start":{"line":4,"column":34},"end":{"line":27,"column":null}}}},"branchMap":{},"s":{"0":4},"f":{"0":4},"b":{}}
,"C:/Users/João Vitor Paludo/Documents/Personal Projects/About-me/src/components/header/styles.ts": {"path":"C:/Users/João Vitor Paludo/Documents/Personal Projects/About-me/src/components/header/styles.ts","statementMap":{"0":{"start":{"line":3,"column":40},"end":{"line":18,"column":null}},"1":{"start":{"line":12,"column":24},"end":{"line":12,"column":54}},"2":{"start":{"line":18,"column":26},"end":{"line":18,"column":58}},"3":{"start":{"line":24,"column":36},"end":{"line":24,"column":null}}},"fnMap":{"0":{"name":"(anonymous_0)","decl":{"start":{"line":12,"column":13},"end":{"line":12,"column":14}},"loc":{"start":{"line":12,"column":24},"end":{"line":12,"column":54}}},"1":{"name":"(anonymous_1)","decl":{"start":{"line":18,"column":15},"end":{"line":18,"column":16}},"loc":{"start":{"line":18,"column":26},"end":{"line":18,"column":58}}}},"branchMap":{},"s":{"0":2,"1":4,"2":4,"3":2},"f":{"0":4,"1":4},"b":{}}
,"C:/Users/João Vitor Paludo/Documents/Personal Projects/About-me/src/components/projects/index.tsx": {"path":"C:/Users/João Vitor Paludo/Documents/Personal Projects/About-me/src/components/projects/index.tsx","statementMap":{"0":{"start":{"line":7,"column":29},"end":{"line":7,"column":null}},"1":{"start":{"line":8,"column":36},"end":{"line":8,"column":null}},"2":{"start":{"line":10,"column":2},"end":{"line":37,"column":null}},"3":{"start":{"line":16,"column":12},"end":{"line":32,"column":null}}},"fnMap":{"0":{"name":"ProjectsSection","decl":{"start":{"line":6,"column":16},"end":{"line":6,"column":34}},"loc":{"start":{"line":6,"column":34},"end":{"line":39,"column":null}}},"1":{"name":"(anonymous_1)","decl":{"start":{"line":15,"column":30},"end":{"line":15,"column":31}},"loc":{"start":{"line":15,"column":58},"end":{"line":34,"column":11}}}},"branchMap":{"0":{"loc":{"start":{"line":23,"column":17},"end":{"line":30,"column":null}},"type":"binary-expr","locations":[{"start":{"line":23,"column":17},"end":{"line":23,"column":46}},{"start":{"line":23,"column":46},"end":{"line":23,"column":null}},{"start":{"line":24,"column":18},"end":{"line":30,"column":null}}]}},"s":{"0":4,"1":4,"2":4,"3":0},"f":{"0":4,"1":0},"b":{"0":[0,0,0]}}
,"C:/Users/João Vitor Paludo/Documents/Personal Projects/About-me/src/components/projects/styles.ts": {"path":"C:/Users/João Vitor Paludo/Documents/Personal Projects/About-me/src/components/projects/styles.ts","statementMap":{"0":{"start":{"line":3,"column":40},"end":{"line":3,"column":null}},"1":{"start":{"line":15,"column":40},"end":{"line":15,"column":null}},"2":{"start":{"line":24,"column":27},"end":{"line":57,"column":null}},"3":{"start":{"line":31,"column":33},"end":{"line":31,"column":63}},"4":{"start":{"line":57,"column":24},"end":{"line":57,"column":56}},"5":{"start":{"line":81,"column":33},"end":{"line":87,"column":null}},"6":{"start":{"line":87,"column":24},"end":{"line":87,"column":56}}},"fnMap":{"0":{"name":"(anonymous_0)","decl":{"start":{"line":31,"column":22},"end":{"line":31,"column":23}},"loc":{"start":{"line":31,"column":33},"end":{"line":31,"column":63}}},"1":{"name":"(anonymous_1)","decl":{"start":{"line":57,"column":13},"end":{"line":57,"column":14}},"loc":{"start":{"line":57,"column":24},"end":{"line":57,"column":56}}},"2":{"name":"(anonymous_2)","decl":{"start":{"line":87,"column":13},"end":{"line":87,"column":14}},"loc":{"start":{"line":87,"column":24},"end":{"line":87,"column":56}}}},"branchMap":{},"s":{"0":2,"1":2,"2":2,"3":0,"4":0,"5":2,"6":0},"f":{"0":0,"1":0,"2":0},"b":{}}
,"C:/Users/João Vitor Paludo/Documents/Personal Projects/About-me/src/components/projects/useProjects.ts": {"path":"C:/Users/João Vitor Paludo/Documents/Personal Projects/About-me/src/components/projects/useProjects.ts","statementMap":{"0":{"start":{"line":11,"column":27},"end":{"line":31,"column":null}},"1":{"start":{"line":12,"column":46},"end":{"line":14,"column":null}},"2":{"start":{"line":16,"column":4},"end":{"line":21,"column":null}},"3":{"start":{"line":17,"column":23},"end":{"line":17,"column":null}},"4":{"start":{"line":18,"column":6},"end":{"line":18,"column":null}},"5":{"start":{"line":20,"column":6},"end":{"line":20,"column":null}},"6":{"start":{"line":24,"column":2},"end":{"line":26,"column":null}},"7":{"start":{"line":25,"column":4},"end":{"line":25,"column":null}},"8":{"start":{"line":27,"column":2},"end":{"line":30,"column":null}}},"fnMap":{"0":{"name":"(anonymous_0)","decl":{"start":{"line":11,"column":27},"end":{"line":11,"column":33}},"loc":{"start":{"line":11,"column":33},"end":{"line":31,"column":null}}},"1":{"name":"handleGetRepository","decl":{"start":{"line":15,"column":17},"end":{"line":15,"column":39}},"loc":{"start":{"line":15,"column":39},"end":{"line":22,"column":null}}},"2":{"name":"(anonymous_2)","decl":{"start":{"line":24,"column":12},"end":{"line":24,"column":18}},"loc":{"start":{"line":24,"column":18},"end":{"line":26,"column":5}}}},"branchMap":{},"s":{"0":3,"1":8,"2":6,"3":6,"4":4,"5":0,"6":8,"7":4,"8":8},"f":{"0":8,"1":6,"2":4},"b":{}}
,"C:/Users/João Vitor Paludo/Documents/Personal Projects/About-me/src/controller/projectsController/index.tsx": {"path":"C:/Users/João Vitor Paludo/Documents/Personal Projects/About-me/src/controller/projectsController/index.tsx","statementMap":{"0":{"start":{"line":3,"column":35},"end":{"line":10,"column":null}},"1":{"start":{"line":4,"column":19},"end":{"line":8,"column":null}},"2":{"start":{"line":9,"column":2},"end":{"line":9,"column":null}}},"fnMap":{"0":{"name":"(anonymous_0)","decl":{"start":{"line":3,"column":35},"end":{"line":3,"column":47}},"loc":{"start":{"line":3,"column":47},"end":{"line":10,"column":null}}}},"branchMap":{},"s":{"0":3,"1":2,"2":0},"f":{"0":2},"b":{}}
,"C:/Users/João Vitor Paludo/Documents/Personal Projects/About-me/src/pages/homePage/index.tsx": {"path":"C:/Users/João Vitor Paludo/Documents/Personal Projects/About-me/src/pages/homePage/index.tsx","statementMap":{"0":{"start":{"line":12,"column":36},"end":{"line":12,"column":null}},"1":{"start":{"line":13,"column":36},"end":{"line":13,"column":null}},"2":{"start":{"line":14,"column":2},"end":{"line":58,"column":null}},"3":{"start":{"line":30,"column":27},"end":{"line":30,"column":null}},"4":{"start":{"line":38,"column":25},"end":{"line":38,"column":null}},"5":{"start":{"line":47,"column":49},"end":{"line":47,"column":70}}},"fnMap":{"0":{"name":"HomePage","decl":{"start":{"line":11,"column":16},"end":{"line":11,"column":27}},"loc":{"start":{"line":11,"column":27},"end":{"line":60,"column":null}}},"1":{"name":"(anonymous_1)","decl":{"start":{"line":30,"column":21},"end":{"line":30,"column":27}},"loc":{"start":{"line":30,"column":27},"end":{"line":30,"column":null}}},"2":{"name":"(anonymous_2)","decl":{"start":{"line":38,"column":19},"end":{"line":38,"column":25}},"loc":{"start":{"line":38,"column":25},"end":{"line":38,"column":null}}},"3":{"name":"(anonymous_3)","decl":{"start":{"line":47,"column":43},"end":{"line":47,"column":49}},"loc":{"start":{"line":47,"column":49},"end":{"line":47,"column":70}}}},"branchMap":{},"s":{"0":4,"1":4,"2":4,"3":1,"4":0,"5":1},"f":{"0":4,"1":1,"2":0,"3":1},"b":{}}
,"C:/Users/João Vitor Paludo/Documents/Personal Projects/About-me/src/pages/homePage/styles.ts": {"path":"C:/Users/João Vitor Paludo/Documents/Personal Projects/About-me/src/pages/homePage/styles.ts","statementMap":{"0":{"start":{"line":3,"column":33},"end":{"line":3,"column":null}},"1":{"start":{"line":8,"column":35},"end":{"line":27,"column":null}},"2":{"start":{"line":16,"column":24},"end":{"line":16,"column":56}},"3":{"start":{"line":27,"column":26},"end":{"line":27,"column":58}},"4":{"start":{"line":34,"column":27},"end":{"line":34,"column":null}}},"fnMap":{"0":{"name":"(anonymous_0)","decl":{"start":{"line":16,"column":13},"end":{"line":16,"column":14}},"loc":{"start":{"line":16,"column":24},"end":{"line":16,"column":56}}},"1":{"name":"(anonymous_1)","decl":{"start":{"line":27,"column":15},"end":{"line":27,"column":16}},"loc":{"start":{"line":27,"column":26},"end":{"line":27,"column":58}}}},"branchMap":{},"s":{"0":2,"1":2,"2":4,"3":4,"4":2},"f":{"0":4,"1":4},"b":{}}
,"C:/Users/João Vitor Paludo/Documents/Personal Projects/About-me/src/service/api.tsx": {"path":"C:/Users/João Vitor Paludo/Documents/Personal Projects/About-me/src/service/api.tsx","statementMap":{"0":{"start":{"line":3,"column":19},"end":{"line":3,"column":null}}},"fnMap":{},"branchMap":{},"s":{"0":3},"f":{},"b":{}}
,"C:/Users/João Vitor Paludo/Documents/Personal Projects/About-me/src/styles/themes/darkTheme.ts": {"path":"C:/Users/João Vitor Paludo/Documents/Personal Projects/About-me/src/styles/themes/darkTheme.ts","statementMap":{"0":{"start":{"line":1,"column":25},"end":{"line":11,"column":null}}},"fnMap":{},"branchMap":{},"s":{"0":1},"f":{},"b":{}}
,"C:/Users/João Vitor Paludo/Documents/Personal Projects/About-me/src/styles/themes/lightTheme.ts": {"path":"C:/Users/João Vitor Paludo/Documents/Personal Projects/About-me/src/styles/themes/lightTheme.ts","statementMap":{"0":{"start":{"line":1,"column":26},"end":{"line":11,"column":null}}},"fnMap":{},"branchMap":{},"s":{"0":1},"f":{},"b":{}}
,"C:/Users/João Vitor Paludo/Documents/Personal Projects/About-me/src/tests/App.test.tsx": {"path":"C:/Users/João Vitor Paludo/Documents/Personal Projects/About-me/src/tests/App.test.tsx","statementMap":{"0":{"start":{"line":8,"column":0},"end":{"line":18,"column":null}},"1":{"start":{"line":13,"column":2},"end":{"line":17,"column":null}},"2":{"start":{"line":19,"column":0},"end":{"line":24,"column":null}},"3":{"start":{"line":20,"column":2},"end":{"line":23,"column":null}},"4":{"start":{"line":21,"column":4},"end":{"line":21,"column":null}},"5":{"start":{"line":22,"column":4},"end":{"line":22,"column":null}},"6":{"start":{"line":26,"column":21},"end":{"line":35,"column":null}},"7":{"start":{"line":36,"column":0},"end":{"line":41,"column":null}},"8":{"start":{"line":37,"column":2},"end":{"line":40,"column":null}},"9":{"start":{"line":38,"column":4},"end":{"line":38,"column":null}},"10":{"start":{"line":39,"column":4},"end":{"line":39,"column":null}},"11":{"start":{"line":42,"column":0},"end":{"line":47,"column":null}},"12":{"start":{"line":43,"column":2},"end":{"line":46,"column":null}},"13":{"start":{"line":44,"column":4},"end":{"line":44,"column":null}},"14":{"start":{"line":45,"column":4},"end":{"line":45,"column":null}}},"fnMap":{"0":{"name":"(anonymous_0)","decl":{"start":{"line":8,"column":10},"end":{"line":8,"column":16}},"loc":{"start":{"line":8,"column":16},"end":{"line":18,"column":1}}},"1":{"name":"(anonymous_1)","decl":{"start":{"line":10,"column":4},"end":{"line":10,"column":14}},"loc":{"start":{"line":10,"column":14},"end":{"line":10,"column":null}}},"2":{"name":"(anonymous_2)","decl":{"start":{"line":19,"column":26},"end":{"line":19,"column":32}},"loc":{"start":{"line":19,"column":32},"end":{"line":24,"column":1}}},"3":{"name":"(anonymous_3)","decl":{"start":{"line":20,"column":30},"end":{"line":20,"column":36}},"loc":{"start":{"line":20,"column":36},"end":{"line":23,"column":3}}},"4":{"name":"(anonymous_4)","decl":{"start":{"line":36,"column":16},"end":{"line":36,"column":22}},"loc":{"start":{"line":36,"column":22},"end":{"line":41,"column":1}}},"5":{"name":"(anonymous_5)","decl":{"start":{"line":37,"column":40},"end":{"line":37,"column":46}},"loc":{"start":{"line":37,"column":46},"end":{"line":40,"column":3}}},"6":{"name":"(anonymous_6)","decl":{"start":{"line":42,"column":16},"end":{"line":42,"column":22}},"loc":{"start":{"line":42,"column":22},"end":{"line":47,"column":1}}},"7":{"name":"(anonymous_7)","decl":{"start":{"line":43,"column":40},"end":{"line":43,"column":46}},"loc":{"start":{"line":43,"column":46},"end":{"line":46,"column":3}}}},"branchMap":{},"s":{"0":1,"1":1,"2":1,"3":1,"4":1,"5":1,"6":1,"7":1,"8":1,"9":1,"10":1,"11":1,"12":1,"13":1,"14":1},"f":{"0":1,"1":2,"2":1,"3":1,"4":1,"5":1,"6":1,"7":1},"b":{}}
,"C:/Users/João Vitor Paludo/Documents/Personal Projects/About-me/src/tests/components/companies/companies.test.tsx": {"path":"C:/Users/João Vitor Paludo/Documents/Personal Projects/About-me/src/tests/components/companies/companies.test.tsx","statementMap":{"0":{"start":{"line":5,"column":0},"end":{"line":12,"column":null}},"1":{"start":{"line":6,"column":2},"end":{"line":8,"column":null}},"2":{"start":{"line":7,"column":4},"end":{"line":7,"column":null}},"3":{"start":{"line":9,"column":2},"end":{"line":11,"column":null}},"4":{"start":{"line":10,"column":4},"end":{"line":10,"column":null}}},"fnMap":{"0":{"name":"(anonymous_0)","decl":{"start":{"line":5,"column":32},"end":{"line":5,"column":38}},"loc":{"start":{"line":5,"column":38},"end":{"line":12,"column":1}}},"1":{"name":"(anonymous_1)","decl":{"start":{"line":6,"column":48},"end":{"line":6,"column":54}},"loc":{"start":{"line":6,"column":54},"end":{"line":8,"column":3}}},"2":{"name":"(anonymous_2)","decl":{"start":{"line":9,"column":48},"end":{"line":9,"column":54}},"loc":{"start":{"line":9,"column":54},"end":{"line":11,"column":3}}}},"branchMap":{},"s":{"0":1,"1":1,"2":1,"3":1,"4":1},"f":{"0":1,"1":1,"2":1},"b":{}}
,"C:/Users/João Vitor Paludo/Documents/Personal Projects/About-me/src/tests/components/projects/projects.test.tsx": {"path":"C:/Users/João Vitor Paludo/Documents/Personal Projects/About-me/src/tests/components/projects/projects.test.tsx","statementMap":{"0":{"start":{"line":8,"column":0},"end":{"line":8,"column":null}},"1":{"start":{"line":10,"column":0},"end":{"line":20,"column":null}},"2":{"start":{"line":15,"column":2},"end":{"line":19,"column":null}},"3":{"start":{"line":21,"column":0},"end":{"line":68,"column":null}},"4":{"start":{"line":22,"column":2},"end":{"line":43,"column":null}},"5":{"start":{"line":23,"column":21},"end":{"line":30,"column":null}},"6":{"start":{"line":32,"column":6},"end":{"line":32,"column":null}},"7":{"start":{"line":33,"column":23},"end":{"line":33,"column":null}},"8":{"start":{"line":33,"column":40},"end":{"line":33,"column":53}},"9":{"start":{"line":35,"column":4},"end":{"line":37,"column":null}},"10":{"start":{"line":36,"column":6},"end":{"line":36,"column":null}},"11":{"start":{"line":39,"column":4},"end":{"line":41,"column":null}},"12":{"start":{"line":40,"column":6},"end":{"line":40,"column":null}},"13":{"start":{"line":45,"column":2},"end":{"line":67,"column":null}},"14":{"start":{"line":46,"column":22},"end":{"line":61,"column":null}},"15":{"start":{"line":62,"column":6},"end":{"line":62,"column":null}},"16":{"start":{"line":63,"column":23},"end":{"line":63,"column":null}},"17":{"start":{"line":63,"column":40},"end":{"line":63,"column":53}},"18":{"start":{"line":64,"column":4},"end":{"line":66,"column":null}},"19":{"start":{"line":65,"column":6},"end":{"line":65,"column":null}}},"fnMap":{"0":{"name":"(anonymous_0)","decl":{"start":{"line":10,"column":10},"end":{"line":10,"column":16}},"loc":{"start":{"line":10,"column":16},"end":{"line":20,"column":1}}},"1":{"name":"(anonymous_1)","decl":{"start":{"line":12,"column":4},"end":{"line":12,"column":14}},"loc":{"start":{"line":12,"column":14},"end":{"line":12,"column":null}}},"2":{"name":"(anonymous_2)","decl":{"start":{"line":21,"column":30},"end":{"line":21,"column":36}},"loc":{"start":{"line":21,"column":36},"end":{"line":68,"column":1}}},"3":{"name":"(anonymous_3)","decl":{"start":{"line":22,"column":64},"end":{"line":22,"column":76}},"loc":{"start":{"line":22,"column":76},"end":{"line":43,"column":3}}},"4":{"name":"(anonymous_4)","decl":{"start":{"line":33,"column":34},"end":{"line":33,"column":40}},"loc":{"start":{"line":33,"column":40},"end":{"line":33,"column":53}}},"5":{"name":"(anonymous_5)","decl":{"start":{"line":35,"column":14},"end":{"line":35,"column":26}},"loc":{"start":{"line":35,"column":26},"end":{"line":37,"column":5}}},"6":{"name":"(anonymous_6)","decl":{"start":{"line":39,"column":18},"end":{"line":39,"column":24}},"loc":{"start":{"line":39,"column":24},"end":{"line":41,"column":5}}},"7":{"name":"(anonymous_7)","decl":{"start":{"line":45,"column":67},"end":{"line":45,"column":79}},"loc":{"start":{"line":45,"column":79},"end":{"line":67,"column":3}}},"8":{"name":"(anonymous_8)","decl":{"start":{"line":63,"column":34},"end":{"line":63,"column":40}},"loc":{"start":{"line":63,"column":40},"end":{"line":63,"column":53}}},"9":{"name":"(anonymous_9)","decl":{"start":{"line":64,"column":14},"end":{"line":64,"column":26}},"loc":{"start":{"line":64,"column":26},"end":{"line":66,"column":5}}}},"branchMap":{},"s":{"0":1,"1":1,"2":1,"3":1,"4":1,"5":1,"6":1,"7":1,"8":2,"9":1,"10":1,"11":1,"12":1,"13":1,"14":1,"15":1,"16":1,"17":2,"18":1,"19":1},"f":{"0":1,"1":0,"2":1,"3":1,"4":2,"5":1,"6":1,"7":1,"8":2,"9":1},"b":{}}
,"C:/Users/João Vitor Paludo/Documents/Personal Projects/About-me/src/tests/pages/homePage/homePage.test.tsx": {"path":"C:/Users/João Vitor Paludo/Documents/Personal Projects/About-me/src/tests/pages/homePage/homePage.test.tsx","statementMap":{"0":{"start":{"line":4,"column":0},"end":{"line":14,"column":null}},"1":{"start":{"line":9,"column":2},"end":{"line":13,"column":null}},"2":{"start":{"line":15,"column":0},"end":{"line":35,"column":null}},"3":{"start":{"line":16,"column":2},"end":{"line":34,"column":null}},"4":{"start":{"line":17,"column":4},"end":{"line":17,"column":null}},"5":{"start":{"line":20,"column":4},"end":{"line":20,"column":null}},"6":{"start":{"line":23,"column":4},"end":{"line":25,"column":null}},"7":{"start":{"line":24,"column":6},"end":{"line":24,"column":null}},"8":{"start":{"line":28,"column":4},"end":{"line":28,"column":null}},"9":{"start":{"line":31,"column":4},"end":{"line":33,"column":null}},"10":{"start":{"line":32,"column":6},"end":{"line":32,"column":null}}},"fnMap":{"0":{"name":"(anonymous_0)","decl":{"start":{"line":4,"column":10},"end":{"line":4,"column":16}},"loc":{"start":{"line":4,"column":16},"end":{"line":14,"column":1}}},"1":{"name":"(anonymous_1)","decl":{"start":{"line":6,"column":4},"end":{"line":6,"column":14}},"loc":{"start":{"line":6,"column":14},"end":{"line":6,"column":null}}},"2":{"name":"(anonymous_2)","decl":{"start":{"line":15,"column":31},"end":{"line":15,"column":37}},"loc":{"start":{"line":15,"column":37},"end":{"line":35,"column":1}}},"3":{"name":"(anonymous_3)","decl":{"start":{"line":16,"column":40},"end":{"line":16,"column":52}},"loc":{"start":{"line":16,"column":52},"end":{"line":34,"column":3}}},"4":{"name":"(anonymous_4)","decl":{"start":{"line":23,"column":18},"end":{"line":23,"column":24}},"loc":{"start":{"line":23,"column":24},"end":{"line":25,"column":5}}},"5":{"name":"(anonymous_5)","decl":{"start":{"line":31,"column":18},"end":{"line":31,"column":24}},"loc":{"start":{"line":31,"column":24},"end":{"line":33,"column":5}}}},"branchMap":{},"s":{"0":1,"1":1,"2":1,"3":1,"4":1,"5":1,"6":1,"7":1,"8":1,"9":1,"10":8},"f":{"0":1,"1":2,"2":1,"3":1,"4":1,"5":8},"b":{}}
,"C:/Users/João Vitor Paludo/Documents/Personal Projects/About-me/src/utils/intersectionObserver/index.tsx": {"path":"C:/Users/João Vitor Paludo/Documents/Personal Projects/About-me/src/utils/intersectionObserver/index.tsx","statementMap":{"0":{"start":{"line":4,"column":36},"end":{"line":4,"column":null}},"1":{"start":{"line":5,"column":21},"end":{"line":5,"column":null}},"2":{"start":{"line":7,"column":2},"end":{"line":25,"column":null}},"3":{"start":{"line":8,"column":31},"end":{"line":12,"column":null}},"4":{"start":{"line":9,"column":6},"end":{"line":11,"column":null}},"5":{"start":{"line":10,"column":8},"end":{"line":10,"column":null}},"6":{"start":{"line":14,"column":21},"end":{"line":14,"column":null}},"7":{"start":{"line":16,"column":4},"end":{"line":18,"column":null}},"8":{"start":{"line":17,"column":6},"end":{"line":17,"column":null}},"9":{"start":{"line":20,"column":4},"end":{"line":24,"column":null}},"10":{"start":{"line":21,"column":6},"end":{"line":23,"column":null}},"11":{"start":{"line":22,"column":8},"end":{"line":22,"column":null}},"12":{"start":{"line":27,"column":2},"end":{"line":30,"column":null}}},"fnMap":{"0":{"name":"useVisibilityObserver","decl":{"start":{"line":3,"column":16},"end":{"line":3,"column":38}},"loc":{"start":{"line":3,"column":55},"end":{"line":31,"column":null}}},"1":{"name":"(anonymous_1)","decl":{"start":{"line":7,"column":12},"end":{"line":7,"column":18}},"loc":{"start":{"line":7,"column":18},"end":{"line":25,"column":5}}},"2":{"name":"(anonymous_2)","decl":{"start":{"line":8,"column":31},"end":{"line":8,"column":32}},"loc":{"start":{"line":8,"column":49},"end":{"line":12,"column":null}}},"3":{"name":"(anonymous_3)","decl":{"start":{"line":9,"column":22},"end":{"line":9,"column":23}},"loc":{"start":{"line":9,"column":38},"end":{"line":11,"column":7}}},"4":{"name":"(anonymous_4)","decl":{"start":{"line":20,"column":11},"end":{"line":20,"column":17}},"loc":{"start":{"line":20,"column":17},"end":{"line":24,"column":null}}}},"branchMap":{"0":{"loc":{"start":{"line":3,"column":38},"end":{"line":3,"column":55}},"type":"default-arg","locations":[{"start":{"line":3,"column":50},"end":{"line":3,"column":55}}]},"1":{"loc":{"start":{"line":16,"column":4},"end":{"line":18,"column":null}},"type":"if","locations":[{"start":{"line":16,"column":4},"end":{"line":18,"column":null}},{"start":{},"end":{}}]},"2":{"loc":{"start":{"line":21,"column":6},"end":{"line":23,"column":null}},"type":"if","locations":[{"start":{"line":21,"column":6},"end":{"line":23,"column":null}},{"start":{},"end":{}}]}},"s":{"0":8,"1":8,"2":8,"3":4,"4":0,"5":0,"6":4,"7":4,"8":4,"9":4,"10":4,"11":0,"12":8},"f":{"0":8,"1":4,"2":0,"3":0,"4":4},"b":{"0":[0],"1":[4,0],"2":[0,4]}}
}
